[2019-04-29T16:01:08.715] [INFO] default - the starting time is10344.134671986103
[2019-04-29T16:01:08.800] [INFO] default - Starting function E1
[2019-04-29T16:01:11.301] [INFO] default - User is :RD9076642
[2019-04-29T16:01:11.302] [INFO] default - Password is :RD90766421
[2019-04-29T16:01:11.302] [INFO] default - Environment is :PY920C1
[2019-04-29T16:01:11.303] [INFO] default - Role is: TG9
[2019-04-29T16:01:11.303] [INFO] default - URL is : http://denac138.us.oracle.com:25091/jde/E1Menu.maf
[2019-04-29T16:01:40.031] [INFO] default - User clicked Sign In
[2019-04-29T16:01:40.032] [INFO] default - Ending function E1
[2019-04-29T16:01:40.033] [INFO] default - Clicking on fastPath
[2019-04-29T16:01:47.691] [INFO] default - fastPath clicked
[2019-04-29T16:01:58.266] [INFO] default - The expected frameName Work With Auto Reconciliation Rules and actual frameName Work With Auto Reconciliation Rules is equal
[2019-04-29T16:01:58.269] [INFO] default - Starting function clickToolBarImage on Add
[2019-04-29T16:01:58.900] [INFO] default - Add clicked!
[2019-04-29T16:01:58.901] [INFO] default - Starting function clickToolBarImage on Add
[2019-04-29T16:02:09.442] [INFO] default - The expected frameName Revise Auto Reconciliation Rules and actual frameName Revise Auto Reconciliation Rules is equal
[2019-04-29T16:02:09.445] [INFO] default - Starting SetHeaderText for id C0_13 and value TEST
[2019-04-29T16:02:10.078] [INFO] default - Starting function setGridQBEValues
[2019-04-29T16:02:10.641] [INFO] default - Grid Id of the grid is : undefined
[2019-04-29T16:02:10.642] [ERROR] default - [SetGridQBEValues] SetQBE Failed: QBE field for column undefined not exist
[2019-04-29T16:02:10.970] [INFO] default - Starting function clickToolBarImage on Find
[2019-04-29T16:02:11.562] [INFO] default - Starting function clickToolBarImage on Close
[2019-04-29T16:02:12.212] [INFO] default - Starting Function openDataBrowser
[2019-04-29T16:02:12.213] [INFO] default - Starting function closeDataBrowsers
[2019-04-29T16:02:12.282] [INFO] default - No extra data browsers  and the title of frame is JD Edwards
[2019-04-29T16:02:12.298] [INFO] default - Clicking on fastPath
[2019-04-29T16:02:13.144] [INFO] default - fastPath clicked
[2019-04-29T16:02:34.611] [INFO] default - Data Browser for table F09626 opened
[2019-04-29T16:02:34.612] [INFO] default - Ending Function openDataBrowser
[2019-04-29T16:02:34.612] [INFO] default - Starting function setGridQBEValues
[2019-04-29T16:02:34.909] [INFO] default - Grid Id of the grid is : 0_88
[2019-04-29T16:02:35.300] [INFO] default - Identified Reconciliation Rule field and Entered TEST
[2019-04-29T16:02:35.300] [INFO] default - Ending function SetGridQBEValues
[2019-04-29T16:02:35.648] [INFO] default - Identified TR CD  field and Entered  CR
[2019-04-29T16:02:35.649] [INFO] default - Ending function SetGridQBEValues
[2019-04-29T16:02:35.649] [INFO] default - Starting function clickToolBarImage on Find
[2019-04-29T16:02:35.902] [INFO] default - Find clicked!
[2019-04-29T16:02:35.903] [INFO] default - Starting function clickToolBarImage on Find
[2019-04-29T16:02:35.903] [INFO] default - Starting function validateGridRowCount
[2019-04-29T16:02:36.257] [INFO] default - Grid Id is:0_88
[2019-04-29T16:02:36.275] [INFO] default - Grid row count is:0
[2019-04-29T16:02:36.276] [ERROR] default - The expected grid Row Count is 1 and the actual is 0
[2019-04-29T16:02:36.571] [INFO] default - Ending function validateGridRowCount
[2019-04-29T16:02:36.571] [INFO] default - Starting Function validateGridRowData
[2019-04-29T16:02:36.809] [ERROR] default - Report Failure, no rows in grid index 0
[2019-04-29T16:02:37.111] [INFO] default - Starting function setGridQBEValues
[2019-04-29T16:02:37.314] [INFO] default - Grid Id of the grid is : 0_88
[2019-04-29T16:02:37.775] [INFO] default - Identified Reconciliation Rule field and Entered TEST
[2019-04-29T16:02:37.776] [INFO] default - Ending function SetGridQBEValues
[2019-04-29T16:02:38.205] [INFO] default - Identified TR CD  field and Entered  CK
[2019-04-29T16:02:38.205] [INFO] default - Ending function SetGridQBEValues
[2019-04-29T16:02:38.205] [INFO] default - Starting function clickToolBarImage on Find
[2019-04-29T16:02:38.584] [INFO] default - Find clicked!
[2019-04-29T16:02:38.584] [INFO] default - Starting function clickToolBarImage on Find
[2019-04-29T16:02:38.584] [INFO] default - Starting function validateGridRowCount
[2019-04-29T16:02:38.964] [INFO] default - Grid Id is:0_88
[2019-04-29T16:02:38.978] [INFO] default - Grid row count is:0
[2019-04-29T16:02:38.979] [ERROR] default - The expected grid Row Count is 1 and the actual is 0
[2019-04-29T16:02:39.299] [INFO] default - Ending function validateGridRowCount
[2019-04-29T16:02:39.299] [INFO] default - Starting Function validateGridRowData
[2019-04-29T16:02:39.523] [ERROR] default - Report Failure, no rows in grid index 0
[2019-04-29T16:02:39.857] [INFO] default - Starting function closeDataBrowsers
[2019-04-29T16:02:41.214] [INFO] default - All databrowsers are closed
[2019-04-29T16:02:41.215] [INFO] default - The execution time is 92499.411
