[2019-04-29T17:10:30.042] [INFO] default - the starting time is10868.579845011234
[2019-04-29T17:10:30.044] [INFO] default - Starting function E1
[2019-04-29T17:10:32.157] [INFO] default - User is :RD9076642
[2019-04-29T17:10:32.157] [INFO] default - Password is :RD90766421
[2019-04-29T17:10:32.157] [INFO] default - Environment is :PY920C1
[2019-04-29T17:10:32.157] [INFO] default - Role is: TG9
[2019-04-29T17:10:32.157] [INFO] default - URL is : http://denac138.us.oracle.com:25091/jde/E1Menu.maf
[2019-04-29T17:10:46.103] [INFO] default - User clicked Sign In
[2019-04-29T17:10:46.104] [INFO] default - Ending function E1
[2019-04-29T17:10:46.104] [INFO] default - Clicking on fastPath
[2019-04-29T17:10:52.661] [INFO] default - fastPath clicked
[2019-04-29T17:11:03.184] [INFO] default - The expected frameName Work With Auto Reconciliation Rules and actual frameName Work With Auto Reconciliation Rules is equal
[2019-04-29T17:11:03.186] [INFO] default - Starting function clickToolBarImage on Add
[2019-04-29T17:11:03.756] [INFO] default - Add clicked!
[2019-04-29T17:11:03.756] [INFO] default - Starting function clickToolBarImage on Add
[2019-04-29T17:11:14.169] [INFO] default - The expected frameName Revise Auto Reconciliation Rules and actual frameName Revise Auto Reconciliation Rules is equal
[2019-04-29T17:11:18.521] [INFO] default - Starting function clickHyperLink for Receipt Clear
[2019-04-29T17:11:19.122] [INFO] default - Receipt Clear clicked.
[2019-04-29T17:11:19.122] [INFO] default - Ending function clickHyperLink.
[2019-04-29T17:11:30.669] [INFO] default - Starting function clickToolBarImage on OK
[2019-04-29T17:11:31.199] [INFO] default - OK clicked!
[2019-04-29T17:11:31.199] [INFO] default - Starting function clickToolBarImage on OK
[2019-04-29T17:11:41.205] [INFO] default - Starting function setGridQBEValues
[2019-04-29T17:11:41.737] [INFO] default - Grid Id of the grid is : 0_1
[2019-04-29T17:11:42.052] [INFO] default - Identified Reconciliation Rule field and Entered TEST
[2019-04-29T17:11:42.052] [INFO] default - Ending function SetGridQBEValues
[2019-04-29T17:11:42.052] [INFO] default - Starting function clickToolBarImage on Find
[2019-04-29T17:11:42.568] [INFO] default - Find clicked!
[2019-04-29T17:11:42.568] [INFO] default - Starting function clickToolBarImage on Find
[2019-04-29T17:11:42.569] [INFO] default - Starting function validateGridRowCount
[2019-04-29T17:11:43.084] [INFO] default - Grid Id is:0_1
[2019-04-29T17:11:43.098] [INFO] default - Grid row count is:1
[2019-04-29T17:11:44.104] [INFO] default - The expected grid Row Count is 1 and the actual is 1
[2019-04-29T17:11:44.104] [INFO] default - Ending function validateGridRowCount
[2019-04-29T17:11:44.106] [INFO] default - Starting Function validateGridRowData
[2019-04-29T17:11:44.551] [INFO] default - Row Index at grid id 0_1is 0
[2019-04-29T17:11:44.650] [INFO] default - The expected value is TESTand actual value isTEST
[2019-04-29T17:11:45.652] [INFO] default - Starting Function validateGridRowData
[2019-04-29T17:11:45.653] [INFO] default - Starting function clickToolBarImage on Close
[2019-04-29T17:11:46.149] [INFO] default - Close clicked!
[2019-04-29T17:11:46.149] [INFO] default - Starting function clickToolBarImage on Close
[2019-04-29T17:11:56.160] [INFO] default - Starting Function openDataBrowser
[2019-04-29T17:11:56.161] [INFO] default - Starting function closeDataBrowsers
[2019-04-29T17:11:56.233] [INFO] default - No extra data browsers  and the title of frame is JD Edwards
[2019-04-29T17:11:56.245] [INFO] default - Clicking on fastPath
[2019-04-29T17:11:57.001] [INFO] default - fastPath clicked
[2019-04-29T17:12:17.877] [INFO] default - Data Browser for table F09626 opened
[2019-04-29T17:12:17.878] [INFO] default - Ending Function openDataBrowser
[2019-04-29T17:12:17.878] [INFO] default - Starting function setGridQBEValues
[2019-04-29T17:12:18.138] [INFO] default - Grid Id of the grid is : 0_88
[2019-04-29T17:12:18.518] [INFO] default - Identified Reconciliation Rule field and Entered TEST
[2019-04-29T17:12:18.518] [INFO] default - Ending function SetGridQBEValues
[2019-04-29T17:12:18.862] [INFO] default - Identified TR CD  field and Entered  CR
[2019-04-29T17:12:18.862] [INFO] default - Ending function SetGridQBEValues
[2019-04-29T17:12:18.862] [INFO] default - Starting function clickToolBarImage on Find
[2019-04-29T17:12:19.093] [INFO] default - Find clicked!
[2019-04-29T17:12:19.093] [INFO] default - Starting function clickToolBarImage on Find
[2019-04-29T17:12:19.093] [INFO] default - Starting function validateGridRowCount
[2019-04-29T17:12:19.327] [INFO] default - Grid Id is:0_88
[2019-04-29T17:12:19.430] [INFO] default - Grid row count is:0
[2019-04-29T17:12:20.437] [ERROR] default - The expected grid Row Count is 1 and the actual is 0
[2019-04-29T17:12:20.713] [INFO] default - Ending function validateGridRowCount
[2019-04-29T17:12:20.713] [INFO] default - Starting Function validateGridRowData
[2019-04-29T17:12:20.969] [ERROR] default - Report Failure, no rows in grid index 0
[2019-04-29T17:12:21.258] [INFO] default - Starting function setGridQBEValues
[2019-04-29T17:12:21.413] [INFO] default - Grid Id of the grid is : 0_88
[2019-04-29T17:12:21.830] [INFO] default - Identified Reconciliation Rule field and Entered TEST
[2019-04-29T17:12:21.830] [INFO] default - Ending function SetGridQBEValues
[2019-04-29T17:12:22.205] [INFO] default - Identified TR CD  field and Entered  CK
[2019-04-29T17:12:22.205] [INFO] default - Ending function SetGridQBEValues
[2019-04-29T17:12:22.205] [INFO] default - Starting function clickToolBarImage on Find
[2019-04-29T17:12:22.421] [INFO] default - Find clicked!
[2019-04-29T17:12:22.421] [INFO] default - Starting function clickToolBarImage on Find
[2019-04-29T17:12:22.421] [INFO] default - Starting function validateGridRowCount
[2019-04-29T17:12:22.642] [INFO] default - Grid Id is:0_88
[2019-04-29T17:12:22.655] [INFO] default - Grid row count is:0
[2019-04-29T17:12:23.658] [ERROR] default - The expected grid Row Count is 1 and the actual is 0
[2019-04-29T17:12:23.938] [INFO] default - Ending function validateGridRowCount
[2019-04-29T17:12:23.938] [INFO] default - Starting Function validateGridRowData
[2019-04-29T17:12:24.174] [ERROR] default - Report Failure, no rows in grid index 0
[2019-04-29T17:12:24.464] [INFO] default - Starting function closeDataBrowsers
[2019-04-29T17:12:25.210] [INFO] default - All databrowsers are closed
[2019-04-29T17:12:25.210] [INFO] default - The execution time is 115167.990
