[2019-04-29T16:44:43.916] [INFO] default - the starting time is6323.004851996899
[2019-04-29T16:44:43.917] [INFO] default - Starting function E1
[2019-04-29T16:44:45.937] [INFO] default - User is :RD9076642
[2019-04-29T16:44:45.937] [INFO] default - Password is :RD90766421
[2019-04-29T16:44:45.937] [INFO] default - Environment is :PY920C1
[2019-04-29T16:44:45.937] [INFO] default - Role is: TG9
[2019-04-29T16:44:45.937] [INFO] default - URL is : http://denac138.us.oracle.com:25091/jde/E1Menu.maf
[2019-04-29T16:45:00.203] [INFO] default - User clicked Sign In
[2019-04-29T16:45:00.203] [INFO] default - Ending function E1
[2019-04-29T16:45:00.203] [INFO] default - Clicking on fastPath
[2019-04-29T16:45:05.960] [INFO] default - fastPath clicked
[2019-04-29T16:45:16.425] [INFO] default - The expected frameName Work With Auto Reconciliation Rules and actual frameName Work With Auto Reconciliation Rules is equal
[2019-04-29T16:45:16.427] [INFO] default - Starting function clickToolBarImage on Add
[2019-04-29T16:45:16.973] [INFO] default - Add clicked!
[2019-04-29T16:45:16.973] [INFO] default - Starting function clickToolBarImage on Add
[2019-04-29T16:45:27.327] [INFO] default - The expected frameName Revise Auto Reconciliation Rules and actual frameName Revise Auto Reconciliation Rules is equal
[2019-04-29T16:45:41.098] [INFO] default - Starting function clickHyperLink for Receipt Clear
[2019-04-29T16:45:41.527] [INFO] default - Receipt Clear clicked.
[2019-04-29T16:45:41.527] [INFO] default - Ending function clickHyperLink.
[2019-04-29T16:45:51.842] [INFO] default - Starting function clickToolBarImage on OK
[2019-04-29T16:45:52.258] [INFO] default - OK clicked!
[2019-04-29T16:45:52.258] [INFO] default - Starting function clickToolBarImage on OK
[2019-04-29T16:46:02.261] [INFO] default - Starting function setGridQBEValues
[2019-04-29T16:46:02.627] [INFO] default - Grid Id of the grid is : 0_1
[2019-04-29T16:46:02.856] [INFO] default - Identified Reconciliation Rule field and Entered TEST
[2019-04-29T16:46:02.856] [INFO] default - Ending function SetGridQBEValues
[2019-04-29T16:46:02.856] [INFO] default - Starting function clickToolBarImage on Find
[2019-04-29T16:46:03.255] [INFO] default - Find clicked!
[2019-04-29T16:46:03.255] [INFO] default - Starting function clickToolBarImage on Find
[2019-04-29T16:46:03.255] [INFO] default - Starting function validateGridRowCount
[2019-04-29T16:46:03.586] [INFO] default - Grid Id is:0_1
[2019-04-29T16:46:03.596] [INFO] default - Grid row count is:1
[2019-04-29T16:46:03.596] [INFO] default - The expected grid Row Count is 1 and the actual is 1
[2019-04-29T16:46:03.596] [INFO] default - Ending function validateGridRowCount
[2019-04-29T16:46:03.596] [INFO] default - Starting Function validateGridRowData
[2019-04-29T16:46:03.929] [INFO] default - Row Index at grid id 0_1is 0
[2019-04-29T16:46:03.988] [INFO] default - The expected value is TESTand actual value isTEST
[2019-04-29T16:46:03.988] [INFO] default - Starting Function validateGridRowData
[2019-04-29T16:46:03.989] [INFO] default - Starting function clickToolBarImage on Close
[2019-04-29T16:46:04.350] [INFO] default - Close clicked!
[2019-04-29T16:46:04.350] [INFO] default - Starting function clickToolBarImage on Close
[2019-04-29T16:46:14.354] [INFO] default - Starting Function openDataBrowser
[2019-04-29T16:46:14.354] [INFO] default - Starting function closeDataBrowsers
[2019-04-29T16:46:14.400] [INFO] default - No extra data browsers  and the title of frame is JD Edwards
[2019-04-29T16:46:14.422] [INFO] default - Clicking on fastPath
[2019-04-29T16:46:15.040] [INFO] default - fastPath clicked
[2019-04-29T16:46:35.634] [INFO] default - Data Browser for table F09626 opened
[2019-04-29T16:46:35.634] [INFO] default - Ending Function openDataBrowser
[2019-04-29T16:46:35.634] [INFO] default - Starting function setGridQBEValues
[2019-04-29T16:46:35.813] [INFO] default - Grid Id of the grid is : 0_88
[2019-04-29T16:46:36.061] [INFO] default - Identified Reconciliation Rule field and Entered TEST
[2019-04-29T16:46:36.061] [INFO] default - Ending function SetGridQBEValues
[2019-04-29T16:46:36.298] [INFO] default - Identified TR CD  field and Entered  CR
[2019-04-29T16:46:36.298] [INFO] default - Ending function SetGridQBEValues
[2019-04-29T16:46:36.298] [INFO] default - Starting function clickToolBarImage on Find
[2019-04-29T16:46:36.470] [INFO] default - Find clicked!
[2019-04-29T16:46:36.470] [INFO] default - Starting function clickToolBarImage on Find
[2019-04-29T16:46:36.470] [INFO] default - Starting function validateGridRowCount
[2019-04-29T16:46:36.598] [INFO] default - Grid Id is:0_88
[2019-04-29T16:46:36.608] [INFO] default - Grid row count is:0
[2019-04-29T16:46:36.609] [ERROR] default - The expected grid Row Count is 1 and the actual is 0
[2019-04-29T16:46:37.006] [INFO] default - Ending function validateGridRowCount
[2019-04-29T16:46:37.006] [INFO] default - Starting Function validateGridRowData
[2019-04-29T16:46:37.174] [ERROR] default - Report Failure, no rows in grid index 0
[2019-04-29T16:46:37.487] [INFO] default - Starting function setGridQBEValues
[2019-04-29T16:46:37.653] [INFO] default - Grid Id of the grid is : 0_88
[2019-04-29T16:46:37.892] [INFO] default - Identified Reconciliation Rule field and Entered TEST
[2019-04-29T16:46:37.892] [INFO] default - Ending function SetGridQBEValues
[2019-04-29T16:46:38.105] [INFO] default - Identified TR CD  field and Entered  CK
[2019-04-29T16:46:38.105] [INFO] default - Ending function SetGridQBEValues
[2019-04-29T16:46:38.105] [INFO] default - Starting function clickToolBarImage on Find
[2019-04-29T16:46:38.265] [INFO] default - Find clicked!
[2019-04-29T16:46:38.265] [INFO] default - Starting function clickToolBarImage on Find
[2019-04-29T16:46:38.265] [INFO] default - Starting function validateGridRowCount
[2019-04-29T16:46:38.397] [INFO] default - Grid Id is:0_88
[2019-04-29T16:46:38.403] [INFO] default - Grid row count is:0
[2019-04-29T16:46:38.403] [ERROR] default - The expected grid Row Count is 1 and the actual is 0
[2019-04-29T16:46:38.753] [INFO] default - Ending function validateGridRowCount
[2019-04-29T16:46:38.753] [INFO] default - Starting Function validateGridRowData
[2019-04-29T16:46:38.926] [ERROR] default - Report Failure, no rows in grid index 0
[2019-04-29T16:46:39.257] [INFO] default - Starting function closeDataBrowsers
[2019-04-29T16:46:39.808] [INFO] default - All databrowsers are closed
[2019-04-29T16:46:39.809] [INFO] default - The execution time is 115891.365
